
5001


connected

MBytes
61.2
61.7
64.0
67.7
63.8
61.9
59.3
57.9
59.3
57.9
54.7
57.5
58.5
56.8
58.1
58.7
59.6
55.6
58.1
58.9
61.9
57.3
55.8
56.6
56.0
59.6
60.0
63.8
65.2
57.5
60.2
61.0
63.1
60.2
59.6
56.6
63.3
64.0
62.1
62.9
67.9
73.8
70.9
71.5
69.8
70.3
72.8
68.8
70.5
67.3
73.8
73.4
71.3
64.8
63.8
64.4
62.7
60.6
62.7
60.8
63.8
65.9
71.3
76.8
75.1
69.6
63.1
68.6
69.0
66.9
62.3
64.0
67.5
61.0
69.0
65.2
66.3
70.0
71.9
63.8
71.3
61.2
63.1
64.8
63.3
59.1
65.9
70.7
70.0
67.1
65.4
64.0
61.7
66.5
63.5
61.4
62.9
62.1
65.0
65.6
65.4
62.3
65.9
75.1
73.4
71.5
75.9
71.9
70.5
72.1
70.3
74.0
69.8
66.7
73.2
74.9
64.8
66.1
64.4
63.8
70.5
68.4
59.8
61.0
63.8
70.5
67.3
69.2
73.0
66.5
70.9
63.1
62.9
69.2
