
5001


connected

MBytes
60.2
60.4
63.5
65.0
69.0
66.1
60.4
58.7
60.2
59.3
53.9
59.8
59.6
60.0
60.6
61.4
59.8
59.8
59.6
62.7
60.4
61.7
56.8
59.8
59.6
57.9
61.0
62.9
63.1
64.8
62.7
61.7
65.0
65.0
58.7
61.9
62.9
63.5
65.4
65.6
66.9
71.7
71.9
70.7
70.3
70.0
72.6
67.9
72.4
66.3
73.4
71.3
71.1
69.8
70.5
70.7
73.0
73.0
71.9
67.1
69.4
67.5
63.3
73.8
74.4
75.5
65.2
69.0
72.8
69.2
66.7
64.0
67.5
67.1
70.0
69.2
69.4
63.5
62.5
69.0
68.2
72.4
73.2
70.3
70.3
70.3
69.0
66.5
65.0
67.1
66.1
67.5
69.4
70.5
68.6
69.8
67.9
73.6
72.4
70.7
65.9
69.6
72.8
70.0
71.3
71.7
70.7
72.8
66.5
67.5
73.0
66.7
67.5
67.9
68.6
65.9
67.7
63.8
63.5
62.7
64.4
65.6
61.9
58.7
60.4
66.3
68.4
61.0
66.1
69.8
66.1
64.2
66.3
