
5001


connected

MBytes
75.3
70.5
70.9
67.5
62.1
59.3
61.4
63.1
59.1
63.5
61.0
61.4
61.2
62.1
60.4
61.2
62.1
58.9
60.0
59.8
57.3
65.9
66.1
62.7
64.2
62.3
60.0
56.8
58.1
65.9
69.8
70.7
73.2
73.0
74.4
69.8
71.5
70.5
72.1
72.1
66.3
64.8
67.7
67.9
69.8
63.3
61.7
62.9
71.3
71.9
77.8
77.6
72.8
64.2
65.0
62.9
64.2
60.0
66.5
60.8
64.2
75.3
71.5
72.8
74.7
68.6
64.4
69.0
68.8
73.4
82.0
78.4
69.8
69.4
68.8
68.8
65.9
67.5
65.9
66.9
70.3
73.6
70.7
70.7
71.9
66.3
67.1
66.9
68.6
65.6
64.6
60.6
61.7
70.3
69.6
68.6
69.8
69.6
71.7
68.8
67.9
71.7
68.6
61.4
64.0
64.6
60.8
66.3
66.9
67.9
68.8
68.4
69.2
68.6
70.9
66.9
62.1
62.3
64.4
62.9
67.9
69.6
74.7
74.0
71.9
71.9
71.7
68.6
66.3
71.3
71.9
77.4
76.3
69.6
