
5001


connected

MBytes
69.8
66.3
69.2
70.3
62.3
65.0
61.7
63.3
62.1
61.7
64.0
61.2
60.8
62.7
62.7
61.2
64.2
60.6
60.4
57.7
57.7
63.3
65.6
63.1
65.0
61.7
63.5
56.6
58.9
61.7
69.2
71.1
72.1
73.2
74.2
71.3
72.6
70.9
73.0
72.1
70.5
65.6
66.7
68.2
69.0
66.1
62.1
66.5
64.2
75.3
70.3
72.4
71.3
76.3
70.9
76.5
76.8
77.6
75.5
74.4
67.3
74.7
78.2
77.4
76.8
70.5
70.9
68.4
66.1
69.2
65.4
65.2
69.2
65.6
69.8
67.5
65.2
72.8
75.3
66.3
70.7
64.8
63.8
67.7
66.5
59.6
65.6
71.1
69.8
67.1
67.1
66.1
69.0
74.0
69.4
69.4
68.2
71.5
76.5
74.0
65.9
70.9
74.2
70.7
70.7
68.8
72.4
70.5
66.7
68.8
67.3
71.3
73.2
68.4
75.7
78.9
67.5
66.1
65.4
64.4
66.5
68.8
71.9
74.9
72.4
69.4
67.1
72.4
60.6
68.8
66.7
73.4
64.8
64.0
