
5001


connected

MBytes
72.1
71.1
71.3
66.3
62.7
59.1
65.9
66.5
64.4
63.1
64.6
62.1
60.8
63.8
62.7
64.2
64.2
58.3
61.2
59.3
64.4
60.0
59.8
57.5
59.3
61.4
61.0
63.8
63.8
59.8
60.8
64.4
64.0
60.6
58.3
60.4
64.0
64.2
63.5
65.0
74.2
74.4
72.4
73.2
69.4
71.9
70.3
69.2
67.5
75.7
75.5
77.0
70.3
63.8
60.4
62.9
69.6
75.5
66.5
72.1
69.8
77.4
74.0
73.0
76.3
71.5
65.6
68.6
67.5
75.9
80.3
73.2
74.0
64.2
71.1
66.5
68.6
73.0
69.2
64.6
64.2
63.1
66.3
65.6
63.8
60.8
72.8
71.9
70.9
66.9
67.5
61.2
63.8
71.1
59.8
62.1
64.8
63.8
66.7
63.8
60.2
59.1
65.4
66.1
64.4
63.1
63.8
65.2
67.5
70.9
72.8
74.9
69.2
71.1
78.2
72.8
58.7
60.8
62.1
61.9
67.9
68.4
72.6
74.2
68.2
68.6
73.0
73.4
67.1
64.8
67.3
70.3
72.1
72.6
63.3
