
5001


connected

MBytes
94.8
60.6
58.7
61.0
62.5
67.5
66.3
59.8
56.4
56.4
57.7
52.2
56.8
56.8
56.4
56.0
57.0
58.5
63.3
59.1
57.0
59.3
61.0
64.0
67.7
66.5
64.2
61.9
56.8
56.8
62.1
70.0
72.8
73.0
76.3
71.5
73.8
73.2
75.7
72.4
74.9
72.4
64.2
62.9
63.3
62.7
64.4
58.5
57.9
62.7
68.6
69.8
69.2
69.4
67.1
69.0
68.2
72.6
62.7
60.6
61.0
58.1
70.5
61.9
70.0
76.5
68.4
72.8
67.5
68.6
70.5
74.7
80.5
71.9
73.0
71.3
66.5
68.2
64.4
62.7
67.9
69.4
74.7
75.9
71.9
72.4
69.2
66.7
66.3
65.9
65.9
66.3
67.7
68.8
67.9
66.7
57.5
56.6
62.9
64.0
64.6
67.7
60.4
58.5
61.2
64.4
63.8
63.8
62.9
67.7
65.2
69.8
69.6
67.3
70.3
67.7
65.2
66.9
61.0
60.4
60.6
62.5
65.4
60.4
58.7
59.1
64.6
68.6
58.3
70.9
66.5
64.2
70.3
71.7
