
5001


connected

MBytes
12.6
12.2
12.2
12.2
12.0
12.2
12.4
12.2
12.4
12.2
12.2
12.4
12.0
12.4
12.2
12.2
12.4
12.0
12.0
12.4
12.2
12.2
12.0
13.2
31.7
37.3
14.1
12.0
32.7
39.2
13.2
14.5
12.6
14.1
13.0
13.8
14.1
14.1
13.4
13.4
13.0
14.7
13.2
12.6
13.0
14.5
13.0
13.8
13.0
15.7
13.6
14.3
13.6
14.3
13.0
13.8
12.8
12.8
13.2
15.5
13.8
12.8
12.8
14.7
15.5
14.7
14.5
14.7
12.6
13.2
14.1
14.5
13.2
13.8
14.5
13.0
13.6
12.8
12.8
15.3
12.8
14.3
13.0
13.8
13.0
12.4
12.8
14.5
13.2
13.4
12.8
14.1
16.1
14.9
13.2
14.9
14.7
13.6
13.8
14.1
14.9
14.9
14.9
19.3
15.9
17.6
16.4
22.4
18.5
17.8
15.7
20.6
18.2
16.4
17.6
16.6
17.4
15.1
14.3
23.7
13.6
14.9
14.7
15.7
21.2
16.4
14.3
14.1
14.3
17.2
13.2
15.7
20.1
13.6
17.8
14.9
16.1
19.7
16.4
14.7
15.7
14.9
15.1
14.7
15.1
14.7
15.1
15.1
12.8
