
5001


connected

MBytes
12.0
14.7
12.4
11.1
12.4
12.2
12.4
12.2
12.2
12.2
12.4
12.0
13.4
12.2
12.4
12.2
12.2
12.2
12.0
12.2
12.2
12.0
11.7
13.4
12.6
13.0
13.0
12.2
14.3
12.2
12.8
12.8
13.0
12.6
13.0
13.0
12.8
13.2
12.8
13.0
12.8
13.2
12.6
12.8
13.0
13.0
12.8
13.0
13.0
13.0
12.8
13.0
12.8
13.0
12.6
13.0
12.8
13.0
12.8
13.0
12.8
12.8
13.0
13.2
13.0
13.0
12.8
12.8
13.0
13.0
13.0
12.8
12.8
13.2
12.8
13.8
12.8
13.2
13.4
12.8
13.0
13.0
13.0
13.0
12.6
12.8
13.0
13.0
13.0
12.8
13.0
13.2
12.8
13.4
13.6
18.7
13.8
13.8
14.3
14.3
14.7
15.7
15.5
15.9
15.3
15.5
15.5
15.9
15.3
15.1
15.7
15.7
15.3
15.3
14.5
15.1
14.7
14.3
15.1
13.8
14.5
14.3
14.5
15.1
20.1
17.6
13.8
16.4
13.8
13.8
13.8
14.5
14.1
14.1
13.8
14.7
14.1
14.1
13.8
14.5
14.9
14.5
14.7
14.9
14.7
14.7
15.3
15.3
15.7
15.7
14.7
