
5001


connected

MBytes
19.7
13.2
12.2
12.0
12.0
12.2
12.4
12.2
12.2
12.2
12.2
12.2
12.0
12.4
12.2
12.0
12.2
12.2
11.7
12.4
12.2
12.2
11.5
11.3
10.3
12.2
12.6
13.2
11.7
11.5
12.2
12.2
12.4
12.8
12.4
12.2
12.4
12.2
12.4
12.2
12.4
12.2
12.0
12.4
12.4
12.4
12.4
12.2
12.4
12.2
12.4
12.0
12.4
12.4
12.2
12.0
12.4
12.2
12.4
12.2
12.4
12.0
12.4
12.2
12.2
12.0
12.4
12.4
12.4
12.2
12.4
12.2
12.4
11.5
12.2
12.4
12.2
12.2
12.4
12.4
12.4
12.2
12.4
12.0
12.4
11.7
12.4
12.2
12.4
12.2
12.2
12.8
12.8
12.2
12.6
12.2
12.6
12.4
12.8
13.2
13.4
14.1
14.5
14.1
14.3
14.3
14.5
13.8
14.3
14.5
14.3
14.1
14.5
14.5
14.7
15.1
14.5
14.9
15.1
14.9
15.7
15.1
14.9
14.3
14.1
12.6
15.7
14.5
16.4
14.9
17.6
15.1
14.9
15.3
15.7
14.9
18.0
15.1
18.7
15.1
15.7
14.7
14.5
14.9
14.5
14.9
14.5
15.1
15.3
