
5001


connected

MBytes
12.8
13.8
12.8
13.0
12.8
12.8
13.0
12.8
13.0
13.0
12.8
13.0
13.2
13.0
13.0
13.0
13.0
13.2
12.8
13.0
13.2
13.0
13.2
23.7
27.3
12.2
14.3
11.7
11.1
13.4
12.8
12.2
12.2
13.8
12.2
12.2
12.2
12.2
12.4
12.2
12.2
12.0
12.2
12.4
12.2
12.2
12.2
12.4
12.2
12.0
12.4
12.0
12.8
12.0
12.0
12.2
12.4
12.2
12.6
12.0
12.0
12.2
12.2
12.0
12.2
12.0
12.0
12.2
12.2
12.2
12.4
12.2
12.4
12.2
12.2
12.0
12.4
12.2
12.0
11.7
12.4
12.2
12.4
12.0
12.2
11.7
12.2
12.0
12.4
12.0
12.4
12.2
12.2
12.2
12.6
12.0
12.6
12.2
13.0
13.0
13.8
13.8
14.3
14.5
14.3
14.1
14.5
13.6
14.3
13.6
14.1
14.1
14.3
14.3
14.9
17.6
14.5
19.3
14.7
17.2
16.4
16.4
14.7
14.9
13.6
14.9
15.5
16.1
15.1
15.5
15.3
15.5
15.1
14.9
15.1
17.2
14.9
18.7
15.3
16.6
14.1
16.8
15.5
15.7
14.5
15.5
17.2
17.4
17.6
18.9
