
5001


connected

MBytes
16.4
15.1
12.8
14.1
12.8
12.6
13.4
13.8
12.8
13.4
12.8
14.1
15.1
15.5
14.3
13.8
13.0
14.7
14.1
13.0
15.1
13.8
13.4
31.2
43.0
18.5
12.6
12.0
10.5
11.7
12.2
12.2
12.4
12.2
12.6
12.0
12.2
12.2
12.6
12.2
12.2
12.0
12.2
12.2
12.4
12.2
12.2
12.4
12.2
12.2
12.4
12.0
12.4
12.2
12.0
12.2
12.4
12.2
12.2
12.2
12.4
12.6
12.2
11.7
12.4
12.0
11.7
12.6
12.2
12.2
12.4
12.2
12.2
12.2
12.2
12.0
12.4
12.2
11.7
12.2
12.4
12.2
12.4
12.0
12.2
12.6
12.2
12.0
12.4
12.0
12.2
11.7
12.2
12.2
12.6
12.0
12.6
13.0
12.8
13.2
13.6
13.8
14.3
13.8
14.5
14.1
14.5
13.8
14.3
14.3
14.3
14.1
14.3
14.5
14.5
14.7
14.7
15.1
14.7
17.8
15.5
15.1
14.9
14.1
13.8
12.8
15.7
14.5
15.5
15.1
15.5
14.9
15.3
15.1
15.3
14.9
15.7
14.9
15.5
14.9
14.7
14.9
14.9
14.7
14.7
14.7
15.1
14.7
14.9
13.4
