
5001


connected

MBytes
15.9
13.0
12.8
13.0
16.1
12.8
13.2
13.0
12.8
13.0
13.0
12.8
13.2
13.0
13.2
12.8
13.2
13.0
13.0
13.0
13.2
13.0
13.0
13.2
15.5
14.3
13.0
12.6
13.2
13.4
12.4
12.8
13.0
12.8
12.8
12.8
13.0
12.8
13.2
13.0
12.8
13.0
13.2
12.6
13.0
12.8
13.0
12.8
13.0
13.0
13.0
12.8
13.0
12.8
13.0
12.8
12.8
13.0
12.8
13.0
13.0
13.0
12.8
13.0
13.2
13.0
13.2
12.6
13.0
13.0
12.8
13.0
13.0
13.2
13.2
13.0
13.0
12.8
13.0
12.6
12.8
13.0
13.0
13.0
13.0
13.2
12.8
13.0
13.0
13.0
12.8
12.6
13.0
13.0
13.2
13.8
14.9
13.8
14.3
14.3
14.5
14.7
15.1
15.5
15.3
15.3
15.5
15.7
15.7
15.5
15.7
15.5
15.7
15.5
15.1
14.5
14.5
14.7
14.3
15.3
13.6
14.5
14.9
13.8
15.1
16.1
16.4
13.8
14.5
14.1
13.6
13.8
14.5
13.8
14.3
13.6
14.3
14.1
13.8
13.8
18.0
14.5
16.1
14.5
17.0
14.5
16.1
14.5
